<?xml version="1.0" encoding="UTF-8"?>
<!-- Generated by org.testng.reporters.JUnitReportReporter -->
<testsuite hostname="lenovo1" failures="0" tests="1" name="com.ecommerce.testcases.TC_Update_001" time="9.284" errors="0" timestamp="27 Jul 2023 05:18:02 GMT" skipped="0">
  <testcase classname="com.ecommerce.testcases.TC_Update_001" name="UpdateQuantity" time="9.284"/>
</testsuite> <!-- com.ecommerce.testcases.TC_Update_001 -->
