<?xml version="1.0" encoding="UTF-8"?>
<!-- Generated by org.testng.reporters.JUnitReportReporter -->
<testsuite hostname="lenovo1" failures="0" tests="1" name="com.ecommerce.testcases.TC_Search_001" time="7.029" errors="0" timestamp="27 Jul 2023 03:28:18 GMT" skipped="0">
  <testcase classname="com.ecommerce.testcases.TC_Search_001" name="searchtest" time="7.029"/>
</testsuite> <!-- com.ecommerce.testcases.TC_Search_001 -->
