<?xml version="1.0" encoding="UTF-8"?>
<!-- Generated by org.testng.reporters.JUnitReportReporter -->
<testsuite hostname="lenovo1" failures="0" tests="1" name="com.ecommerce.testcases.TC_login_001" time="16.961" errors="0" timestamp="26 Jul 2023 19:54:48 GMT" skipped="0">
  <testcase classname="com.ecommerce.testcases.TC_login_001" name="loginTest" time="16.961"/>
</testsuite> <!-- com.ecommerce.testcases.TC_login_001 -->
