<?xml version="1.0" encoding="UTF-8"?>
<!-- Generated by org.testng.reporters.JUnitReportReporter -->
<testsuite hostname="lenovo1" failures="0" tests="1" name="com.ecommerce.testcases.TC_AddProduct_001" time="5.196" errors="0" timestamp="27 Jul 2023 04:17:44 GMT" skipped="0">
  <testcase classname="com.ecommerce.testcases.TC_AddProduct_001" name="additem" time="5.196"/>
</testsuite> <!-- com.ecommerce.testcases.TC_AddProduct_001 -->
