<?xml version="1.0" encoding="UTF-8"?>
<!-- Generated by org.testng.reporters.JUnitReportReporter -->
<testsuite hostname="lenovo1" failures="0" tests="1" name="com.ecommerce.testcases.TC_printAll_item" time="4.174" errors="0" timestamp="27 Jul 2023 04:04:29 GMT" skipped="0">
  <testcase classname="com.ecommerce.testcases.TC_printAll_item" name="PrintItem" time="4.174"/>
</testsuite> <!-- com.ecommerce.testcases.TC_printAll_item -->
