<?xml version="1.0" encoding="UTF-8"?>
<!-- Generated by org.testng.reporters.JUnitReportReporter -->
<testsuite hostname="lenovo1" failures="0" tests="1" name="com.ecommerce.testcases.TC_delete_001" time="17.176" errors="0" timestamp="27 Jul 2023 05:37:08 GMT" skipped="0">
  <testcase classname="com.ecommerce.testcases.TC_delete_001" name="deleteitem" time="17.176"/>
</testsuite> <!-- com.ecommerce.testcases.TC_delete_001 -->
